[13:25:42] [ServerMain/INFO]: Environment: Environment[sessionHost=https://sessionserver.mojang.com, servicesHost=https://api.minecraftservices.com, name=PROD]
[13:25:48] [ServerMain/INFO]: Loaded 1370 recipes
[13:25:48] [ServerMain/INFO]: Loaded 1481 advancements
[13:25:49] [Server thread/INFO]: Starting minecraft server version 1.21.4
[13:25:49] [Server thread/INFO]: Loading properties
[13:25:49] [Server thread/INFO]: Default game type: SURVIVAL
[13:25:49] [Server thread/INFO]: Generating keypair
[13:25:50] [Server thread/INFO]: Starting Minecraft server on *:25565
[13:25:50] [Server thread/INFO]: Using default channel type
[13:25:50] [Server thread/WARN]: **** SERVER IS RUNNING IN OFFLINE/INSECURE MODE!
[13:25:50] [Server thread/WARN]: The server will make no attempt to authenticate usernames. Beware.
[13:25:50] [Server thread/WARN]: While this makes the game possible to play without internet access, it also opens up the ability for hackers to connect with any username they choose.
[13:25:50] [Server thread/WARN]: To change this, set "online-mode" to "true" in the server.properties file.
[13:25:50] [Server thread/INFO]: Preparing level "world"
[13:25:51] [Server thread/INFO]: Preparing start region for dimension minecraft:overworld
[13:25:53] [Worker-Main-4/INFO]: Preparing spawn area: 0%
[13:25:53] [Worker-Main-4/INFO]: Preparing spawn area: 0%
[13:25:53] [Worker-Main-4/INFO]: Preparing spawn area: 0%
[13:25:53] [Worker-Main-4/INFO]: Preparing spawn area: 0%
[13:25:53] [Worker-Main-4/INFO]: Preparing spawn area: 0%
[13:25:53] [Worker-Main-4/INFO]: Preparing spawn area: 0%
[13:25:54] [Server thread/INFO]: Time elapsed: 3039 ms
[13:25:54] [Server thread/INFO]: Done (3.518s)! For help, type "help"
[13:26:54] [Server thread/INFO]: Server empty for 60 seconds, pausing
[13:27:29] [Server thread/INFO]: kaisheng[/127.0.0.1:58825] logged in with entity id 28 at (-551.1704649080648, 106.5625, -662.9712757630846)
[13:27:29] [Server thread/INFO]: kaisheng joined the game
[13:27:31] [Server thread/WARN]: Can't keep up! Is the server overloaded? Running 2112ms or 42 ticks behind
[13:27:55] [Server thread/WARN]: Can't keep up! Is the server overloaded? Running 8703ms or 174 ticks behind
[13:53:25] [Server thread/INFO]: Unknown or incomplete command, see below for error
[13:53:25] [Server thread/INFO]: locaq<--[HERE]
[13:53:33] [Server thread/INFO]: Unknown or incomplete command, see below for error
[13:53:33] [Server thread/INFO]: locate<--[HERE]
[13:54:52] [Server thread/INFO]: The nearest minecraft:ancient_city is at [-2112, ~, 2688] (3398 blocks away)
[13:54:52] [Server thread/INFO]: Locating element minecraft:ancient_city took 603 ms
[14:04:17] [Server thread/WARN]: Spruce Boat (vehicle of kaisheng) moved too quickly! 3.556210659865428,0.0,9.772747118338373
[14:04:17] [Server thread/WARN]: Spruce Boat (vehicle of kaisheng) moved too quickly! 3.6929868941285804,0.0,10.14862249244652
[14:19:53] [Server thread/INFO]: kaisheng fell from a high place
[14:26:13] [Server thread/INFO]: kaisheng drowned
[14:27:35] [Server thread/INFO]: kaisheng has made the advancement [Sneak 100]
[14:33:27] [Server thread/INFO]: kaisheng was obliterated by a sonically-charged shriek
[14:39:43] [Server thread/INFO]: kaisheng fell from a high place
[14:45:47] [Server thread/INFO]: kaisheng fell from a high place
[14:53:31] [Server thread/INFO]: kaisheng was slain by Warden
[14:53:36] [Server thread/INFO]: kaisheng lost connection: Disconnected
[14:53:36] [Server thread/INFO]: kaisheng left the game
[14:53:48] [Server thread/INFO]: Stopping the server
[14:53:48] [Server thread/INFO]: Stopping server
[14:53:48] [Server thread/INFO]: Saving players
[14:53:48] [Server thread/INFO]: Saving worlds
[14:53:48] [Server thread/INFO]: Saving chunks for level 'ServerLevel[world]'/minecraft:overworld
[14:53:48] [Server thread/INFO]: Saving chunks for level 'ServerLevel[world]'/minecraft:the_end
[14:53:48] [Server thread/INFO]: Saving chunks for level 'ServerLevel[world]'/minecraft:the_nether
[14:53:48] [Server thread/INFO]: ThreadedAnvilChunkStorage (world): All chunks are saved
[14:53:48] [Server thread/INFO]: ThreadedAnvilChunkStorage (DIM1): All chunks are saved
[14:53:48] [Server thread/INFO]: ThreadedAnvilChunkStorage (DIM-1): All chunks are saved
[14:53:48] [Server thread/INFO]: ThreadedAnvilChunkStorage: All dimensions are saved
